<?xml version="1.0" encoding="UTF-8"?>
<!-- Generated by org.testng.reporters.JUnitXMLReporter -->
<testsuite ignored="0" hostname="SangeethaS" failures="0" tests="5" name="Landline" time="44.522" errors="0" timestamp="2020-12-07T12:52:08 IST">
  <testcase classname="billpaymentlandline.BillpaymentLandlineModule" name="Signin" time="2.181"/>
  <testcase classname="billpaymentlandline.BillpaymentLandlineModule" name="SignInButton" time="2.733"/>
  <testcase classname="billpaymentlandline.BillpaymentLandlineModule" name="billpaymentdropdown" time="5.676"/>
  <testcase classname="billpaymentlandline.BillpaymentLandlineModule" name="LandlineBillPayment" time="6.314"/>
  <testcase classname="billpaymentlandline.BillpaymentLandlineModule" name="LandlineNegativeScenarios" time="10.35"/>
</testsuite> <!-- Landline -->
