<?xml version="1.0" encoding="UTF-8"?>
<!-- Generated by org.testng.reporters.JUnitXMLReporter -->
<testsuite ignored="0" hostname="SangeethaS" failures="0" tests="7" name="Prepaid" time="53.973" errors="0" timestamp="2020-12-07T12:49:48 IST">
  <testcase classname="mobileprepaid.MobilePrepaidModule" name="Signin" time="2.165"/>
  <testcase classname="mobileprepaid.MobilePrepaidModule" name="SignInButton" time="2.524"/>
  <testcase classname="mobileprepaid.MobilePrepaidModule" name="Prepaid" time="4.755"/>
  <testcase classname="mobileprepaid.MobilePrepaidModule" name="prepaidValidInputs" time="2.48"/>
  <testcase classname="mobileprepaid.MobilePrepaidModule" name="browserplan" time="6.593"/>
  <testcase classname="mobileprepaid.MobilePrepaidModule" name="rechargenowButton" time="4.158"/>
  <testcase classname="mobileprepaid.MobilePrepaidModule" name="PrepaidNegativeScenarios" time="15.559"/>
</testsuite> <!-- Prepaid -->
