<?xml version="1.0" encoding="UTF-8"?>
<!-- Generated by org.testng.reporters.JUnitXMLReporter -->
<testsuite ignored="6" hostname="SangeethaS" failures="17" tests="21" name="test" time="55.255" errors="0" timestamp="2020-12-07T12:36:14 IST">
  <testcase classname="testNG.KatkadaWebPage" name="Signin" time="2.24"/>
  <testcase classname="testNG.KatkadaWebPage" name="SignupPopup" time="5.081"/>
  <testcase classname="testNG.KatkadaWebPage" name="ForgetpasswordPopup" time="2.517"/>
  <testcase classname="testNG.KatkadaWebPage" name="SignInButton" time="3.065"/>
  <testcase classname="mobileprepaid.MobilePrepaidModule" name="Signin" time="2.053">
    <failure type="java.lang.NullPointerException">
      <![CDATA[java.lang.NullPointerException
at org.openqa.selenium.support.pagefactory.DefaultElementLocator.findElement(DefaultElementLocator.java:69)
at org.openqa.selenium.support.pagefactory.internal.LocatingElementHandler.invoke(LocatingElementHandler.java:38)
at com.sun.proxy.$Proxy12.click(Unknown Source)
at mobileprepaid.MobilePrepaidModule.Signin(MobilePrepaidModule.java:25)
at java.base/java.util.ArrayList.forEach(ArrayList.java:1507)
... Removed 27 stack frames]]>
    </failure>
  </testcase> <!-- Signin -->
  <testcase classname="mobileprepaid.MobilePrepaidModule" name="SignInButton" time="2.021">
    <failure type="java.lang.NullPointerException">
      <![CDATA[java.lang.NullPointerException
at mobileprepaid.MobilePrepaidModule.SignInButton(MobilePrepaidModule.java:35)
at java.base/java.util.ArrayList.forEach(ArrayList.java:1507)
... Removed 27 stack frames]]>
    </failure>
  </testcase> <!-- SignInButton -->
  <testcase classname="mobileprepaid.MobilePrepaidModule" name="Prepaid" time="2.017">
    <failure type="java.lang.NullPointerException">
      <![CDATA[java.lang.NullPointerException
at mobileprepaid.MobilePrepaidModule.Prepaid(MobilePrepaidModule.java:52)
at java.base/java.util.ArrayList.forEach(ArrayList.java:1507)
... Removed 27 stack frames]]>
    </failure>
  </testcase> <!-- Prepaid -->
  <testcase classname="mobileprepaid.MobilePrepaidModule" name="prepaidValidInputs" time="0.005">
    <failure type="java.lang.NullPointerException">
      <![CDATA[java.lang.NullPointerException
at org.openqa.selenium.support.pagefactory.DefaultElementLocator.findElement(DefaultElementLocator.java:69)
at org.openqa.selenium.support.pagefactory.internal.LocatingElementHandler.invoke(LocatingElementHandler.java:38)
at com.sun.proxy.$Proxy12.sendKeys(Unknown Source)
at mobileprepaid.MobilePrepaidModule.prepaidValidInputs(MobilePrepaidModule.java:76)
at java.base/java.util.ArrayList.forEach(ArrayList.java:1507)
... Removed 27 stack frames]]>
    </failure>
  </testcase> <!-- prepaidValidInputs -->
  <testcase classname="mobileprepaid.MobilePrepaidModule" name="browserplan" time="2.013">
    <failure type="java.lang.NullPointerException">
      <![CDATA[java.lang.NullPointerException
at org.openqa.selenium.support.pagefactory.DefaultElementLocator.findElement(DefaultElementLocator.java:69)
at org.openqa.selenium.support.pagefactory.internal.LocatingElementHandler.invoke(LocatingElementHandler.java:38)
at com.sun.proxy.$Proxy12.click(Unknown Source)
at mobileprepaid.MobilePrepaidModule.browserplan(MobilePrepaidModule.java:101)
at java.base/java.util.ArrayList.forEach(ArrayList.java:1507)
... Removed 27 stack frames]]>
    </failure>
  </testcase> <!-- browserplan -->
  <testcase classname="mobileprepaid.MobilePrepaidModule" name="rechargenowButton" time="1.026">
    <failure type="java.lang.NullPointerException">
      <![CDATA[java.lang.NullPointerException
at org.openqa.selenium.support.pagefactory.DefaultElementLocator.findElement(DefaultElementLocator.java:69)
at org.openqa.selenium.support.pagefactory.internal.LocatingElementHandler.invoke(LocatingElementHandler.java:38)
at com.sun.proxy.$Proxy12.sendKeys(Unknown Source)
at mobileprepaid.MobilePrepaidModule.rechargenowButton(MobilePrepaidModule.java:129)
at java.base/java.util.ArrayList.forEach(ArrayList.java:1507)
... Removed 27 stack frames]]>
    </failure>
  </testcase> <!-- rechargenowButton -->
  <testcase classname="mobileprepaid.MobilePrepaidModule" name="PrepaidNegativeScenarios" time="2.01">
    <failure type="java.lang.NullPointerException">
      <![CDATA[java.lang.NullPointerException
at mobileprepaid.MobilePrepaidModule.PrepaidNegativeScenarios(MobilePrepaidModule.java:150)
at java.base/java.util.ArrayList.forEach(ArrayList.java:1507)
... Removed 27 stack frames]]>
    </failure>
  </testcase> <!-- PrepaidNegativeScenarios -->
  <testcase classname="mobilepostpaid.MobilePostpaidModule" name="Signin" time="2.018">
    <failure type="java.lang.NullPointerException">
      <![CDATA[java.lang.NullPointerException
at org.openqa.selenium.support.pagefactory.DefaultElementLocator.findElement(DefaultElementLocator.java:69)
at org.openqa.selenium.support.pagefactory.internal.LocatingElementHandler.invoke(LocatingElementHandler.java:38)
at com.sun.proxy.$Proxy12.click(Unknown Source)
at mobilepostpaid.MobilePostpaidModule.Signin(MobilePostpaidModule.java:24)
at java.base/java.util.ArrayList.forEach(ArrayList.java:1507)
... Removed 27 stack frames]]>
    </failure>
  </testcase> <!-- Signin -->
  <testcase classname="mobilepostpaid.MobilePostpaidModule" name="SignInButton" time="2.011">
    <failure type="java.lang.NullPointerException">
      <![CDATA[java.lang.NullPointerException
at mobilepostpaid.MobilePostpaidModule.SignInButton(MobilePostpaidModule.java:34)
at java.base/java.util.ArrayList.forEach(ArrayList.java:1507)
... Removed 27 stack frames]]>
    </failure>
  </testcase> <!-- SignInButton -->
  <testcase classname="mobilepostpaid.MobilePostpaidModule" name="postpaid" time="2.012">
    <failure type="java.lang.NullPointerException">
      <![CDATA[java.lang.NullPointerException
at mobilepostpaid.MobilePostpaidModule.postpaid(MobilePostpaidModule.java:49)
at java.base/java.util.ArrayList.forEach(ArrayList.java:1507)
... Removed 27 stack frames]]>
    </failure>
  </testcase> <!-- postpaid -->
  <testcase classname="mobilepostpaid.MobilePostpaidModule" name="postpaidvalidInputs" time="0.003">
    <failure type="java.lang.NullPointerException">
      <![CDATA[java.lang.NullPointerException
at org.openqa.selenium.support.pagefactory.DefaultElementLocator.findElement(DefaultElementLocator.java:69)
at org.openqa.selenium.support.pagefactory.internal.LocatingElementHandler.invoke(LocatingElementHandler.java:38)
at com.sun.proxy.$Proxy12.sendKeys(Unknown Source)
at mobilepostpaid.MobilePostpaidModule.postpaidvalidInputs(MobilePostpaidModule.java:73)
at java.base/java.util.ArrayList.forEach(ArrayList.java:1507)
... Removed 27 stack frames]]>
    </failure>
  </testcase> <!-- postpaidvalidInputs -->
  <testcase classname="mobilepostpaid.MobilePostpaidModule" name="postpaidNegativeScenarios" time="2.017">
    <failure type="java.lang.NullPointerException">
      <![CDATA[java.lang.NullPointerException
at mobilepostpaid.MobilePostpaidModule.postpaidNegativeScenarios(MobilePostpaidModule.java:106)
at java.base/java.util.ArrayList.forEach(ArrayList.java:1507)
... Removed 27 stack frames]]>
    </failure>
  </testcase> <!-- postpaidNegativeScenarios -->
  <testcase classname="billpaymentlandline.BillpaymentLandlineModule" name="Signin" time="2.076">
    <failure type="java.lang.NullPointerException">
      <![CDATA[java.lang.NullPointerException
at org.openqa.selenium.support.pagefactory.DefaultElementLocator.findElement(DefaultElementLocator.java:69)
at org.openqa.selenium.support.pagefactory.internal.LocatingElementHandler.invoke(LocatingElementHandler.java:38)
at com.sun.proxy.$Proxy12.click(Unknown Source)
at billpaymentlandline.BillpaymentLandlineModule.Signin(BillpaymentLandlineModule.java:29)
at java.base/java.util.ArrayList.forEach(ArrayList.java:1507)
... Removed 27 stack frames]]>
    </failure>
  </testcase> <!-- Signin -->
  <testcase classname="billpaymentlandline.BillpaymentLandlineModule" name="SignInButton" time="2.01">
    <failure type="java.lang.NullPointerException">
      <![CDATA[java.lang.NullPointerException
at billpaymentlandline.BillpaymentLandlineModule.SignInButton(BillpaymentLandlineModule.java:39)
at java.base/java.util.ArrayList.forEach(ArrayList.java:1507)
... Removed 27 stack frames]]>
    </failure>
  </testcase> <!-- SignInButton -->
  <testcase classname="billpaymentlandline.BillpaymentLandlineModule" name="billpaymentdropdown" time="1.019">
    <failure type="java.lang.NullPointerException">
      <![CDATA[java.lang.NullPointerException
at billpaymentlandline.BillpaymentLandlineModule.billpaymentdropdown(BillpaymentLandlineModule.java:54)
at java.base/java.util.ArrayList.forEach(ArrayList.java:1507)
... Removed 27 stack frames]]>
    </failure>
  </testcase> <!-- billpaymentdropdown -->
  <testcase classname="billpaymentlandline.BillpaymentLandlineModule" name="LandlineBillPayment" time="0.008">
    <failure type="java.lang.NullPointerException">
      <![CDATA[java.lang.NullPointerException
at org.openqa.selenium.support.pagefactory.DefaultElementLocator.findElement(DefaultElementLocator.java:69)
at org.openqa.selenium.support.pagefactory.internal.LocatingElementHandler.invoke(LocatingElementHandler.java:38)
at com.sun.proxy.$Proxy12.getText(Unknown Source)
at billpaymentlandline.BillpaymentLandlineModule.LandlineBillPayment(BillpaymentLandlineModule.java:66)
at java.base/java.util.ArrayList.forEach(ArrayList.java:1507)
... Removed 27 stack frames]]>
    </failure>
  </testcase> <!-- LandlineBillPayment -->
  <testcase classname="billpaymentlandline.BillpaymentLandlineModule" name="LandlineNegativeScenarios" time="0.009">
    <failure type="java.lang.NullPointerException">
      <![CDATA[java.lang.NullPointerException
at org.openqa.selenium.support.pagefactory.DefaultElementLocator.findElement(DefaultElementLocator.java:69)
at org.openqa.selenium.support.pagefactory.internal.LocatingElementHandler.invoke(LocatingElementHandler.java:38)
at com.sun.proxy.$Proxy12.click(Unknown Source)
at billpaymentlandline.BillpaymentLandlineModule.LandlineNegativeScenarios(BillpaymentLandlineModule.java:112)
at java.base/java.util.ArrayList.forEach(ArrayList.java:1507)
... Removed 27 stack frames]]>
    </failure>
  </testcase> <!-- LandlineNegativeScenarios -->
  <testcase classname="testNG.BaseClass" name="@AfterSuite CloseBrowser" time="0.0">
    <ignored/>
  </testcase> <!-- @AfterSuite CloseBrowser -->
  <testcase classname="testNG.BaseClass" name="@AfterSuite CloseBrowser" time="0.0">
    <ignored/>
  </testcase> <!-- @AfterSuite CloseBrowser -->
  <testcase classname="testNG.BaseClass" name="@AfterSuite CloseBrowser" time="0.0">
    <ignored/>
  </testcase> <!-- @AfterSuite CloseBrowser -->
  <testcase classname="testNG.BaseClass" name="@BeforeTest LaunchBrowse" time="0.0">
    <ignored/>
  </testcase> <!-- @BeforeTest LaunchBrowse -->
  <testcase classname="testNG.BaseClass" name="@BeforeTest LaunchBrowse" time="0.0">
    <ignored/>
  </testcase> <!-- @BeforeTest LaunchBrowse -->
  <testcase classname="testNG.BaseClass" name="@BeforeTest LaunchBrowse" time="0.0">
    <ignored/>
  </testcase> <!-- @BeforeTest LaunchBrowse -->
</testsuite> <!-- test -->
