<?xml version="1.0" encoding="UTF-8"?>
<!-- Generated by org.testng.reporters.JUnitXMLReporter -->
<testsuite ignored="0" hostname="SangeethaS" failures="0" tests="4" name="Test3" time="41.817" errors="0" timestamp="2020-11-30T11:33:48 IST">
  <testcase classname="mobilepostpaid.MobilePostpaidModule" name="Signin" time="2.129"/>
  <testcase classname="mobilepostpaid.MobilePostpaidModule" name="SignInButton" time="5.584"/>
  <testcase classname="mobilepostpaid.MobilePostpaidModule" name="postpaid" time="7.842"/>
  <testcase classname="mobilepostpaid.MobilePostpaidModule" name="postpaidNegativeScenarios" time="10.469"/>
</testsuite> <!-- Test3 -->
