<?xml version="1.0" encoding="UTF-8"?>
<!-- Generated by org.testng.reporters.JUnitXMLReporter -->
<testsuite ignored="0" hostname="SangeethaS" failures="0" tests="4" name="Test1" time="28.168" errors="0" timestamp="2020-11-30T11:32:17 IST">
  <testcase classname="testNG.KatkadaWebPage" name="Signin" time="2.134"/>
  <testcase classname="testNG.KatkadaWebPage" name="SignupPopup" time="2.898"/>
  <testcase classname="testNG.KatkadaWebPage" name="ForgetpasswordPopup" time="2.33"/>
  <testcase classname="testNG.KatkadaWebPage" name="SignInButton" time="5.708"/>
</testsuite> <!-- Test1 -->
