<?xml version="1.0" encoding="UTF-8"?>
<!-- Generated by org.testng.reporters.JUnitXMLReporter -->
<testsuite ignored="0" hostname="SangeethaS" failures="0" tests="5" name="Test4" time="39.184" errors="0" timestamp="2020-11-30T11:34:27 IST">
  <testcase classname="billpaymentlandline.BillpaymentLandlineModule" name="Signin" time="2.17"/>
  <testcase classname="billpaymentlandline.BillpaymentLandlineModule" name="SignInButton" time="5.544"/>
  <testcase classname="billpaymentlandline.BillpaymentLandlineModule" name="billpaymentdropdown" time="2.879"/>
  <testcase classname="billpaymentlandline.BillpaymentLandlineModule" name="LandlineBillPayment" time="4.058"/>
  <testcase classname="billpaymentlandline.BillpaymentLandlineModule" name="LandlineNegativeScenarios" time="8.84"/>
</testsuite> <!-- Test4 -->
