<?xml version="1.0" encoding="UTF-8"?>
<!-- Generated by org.testng.reporters.JUnitXMLReporter -->
<testsuite ignored="0" hostname="SangeethaS" failures="0" tests="5" name="Test4" time="22.873" errors="0" timestamp="2020-12-07T10:47:30 IST">
  <testcase classname="billpaymentlandline.BillpaymentLandlineModule" name="Signin" time="2.215"/>
  <testcase classname="billpaymentlandline.BillpaymentLandlineModule" name="SignInButton" time="2.576"/>
  <testcase classname="billpaymentlandline.BillpaymentLandlineModule" name="billpaymentdropdown" time="3.694"/>
  <testcase classname="billpaymentlandline.BillpaymentLandlineModule" name="LandlineBillPayment" time="4.974"/>
  <testcase classname="billpaymentlandline.BillpaymentLandlineModule" name="LandlineNegativeScenarios" time="9.384"/>
</testsuite> <!-- Test4 -->
