<?xml version="1.0" encoding="UTF-8"?>
<!-- Generated by org.testng.reporters.JUnitXMLReporter -->
<testsuite ignored="0" hostname="SangeethaS" failures="0" tests="7" name="Test2" time="49.053" errors="0" timestamp="2020-11-30T11:33:06 IST">
  <testcase classname="mobileprepaid.MobilePrepaidModule" name="Signin" time="2.117"/>
  <testcase classname="mobileprepaid.MobilePrepaidModule" name="SignInButton" time="5.689"/>
  <testcase classname="mobileprepaid.MobilePrepaidModule" name="Prepaid" time="3.209"/>
  <testcase classname="mobileprepaid.MobilePrepaidModule" name="prepaidValidInputs" time="0.868"/>
  <testcase classname="mobileprepaid.MobilePrepaidModule" name="browserplan" time="6.668"/>
  <testcase classname="mobileprepaid.MobilePrepaidModule" name="rechargenowButton" time="3.315"/>
  <testcase classname="mobileprepaid.MobilePrepaidModule" name="PrepaidNegativeScenarios" time="12.544"/>
</testsuite> <!-- Test2 -->
