<?xml version="1.0" encoding="UTF-8"?>
<!-- Generated by org.testng.reporters.JUnitXMLReporter -->
<testsuite ignored="6" hostname="SangeethaS" failures="16" tests="20" name="Test" time="55.437" errors="0" timestamp="2020-11-30T14:02:55 IST">
  <testcase classname="testNG.KatkadaWebPage" name="Signin" time="2.144"/>
  <testcase classname="testNG.KatkadaWebPage" name="SignupPopup" time="2.817"/>
  <testcase classname="testNG.KatkadaWebPage" name="ForgetpasswordPopup" time="2.368"/>
  <testcase classname="testNG.KatkadaWebPage" name="SignInButton" time="5.616"/>
  <testcase classname="mobileprepaid.MobilePrepaidModule" name="Signin" time="2.012">
    <failure type="java.lang.NullPointerException">
      <![CDATA[java.lang.NullPointerException
at mobileprepaid.MobilePrepaidModule.Signin(MobilePrepaidModule.java:24)
at java.base/java.util.ArrayList.forEach(ArrayList.java:1507)
... Removed 27 stack frames]]>
    </failure>
  </testcase> <!-- Signin -->
  <testcase classname="mobileprepaid.MobilePrepaidModule" name="SignInButton" time="2.025">
    <failure type="java.lang.NullPointerException">
      <![CDATA[java.lang.NullPointerException
at mobileprepaid.MobilePrepaidModule.SignInButton(MobilePrepaidModule.java:34)
at java.base/java.util.ArrayList.forEach(ArrayList.java:1507)
... Removed 27 stack frames]]>
    </failure>
  </testcase> <!-- SignInButton -->
  <testcase classname="mobileprepaid.MobilePrepaidModule" name="Prepaid" time="2.019">
    <failure type="java.lang.NullPointerException">
      <![CDATA[java.lang.NullPointerException
at mobileprepaid.MobilePrepaidModule.Prepaid(MobilePrepaidModule.java:65)
at java.base/java.util.ArrayList.forEach(ArrayList.java:1507)
... Removed 27 stack frames]]>
    </failure>
  </testcase> <!-- Prepaid -->
  <testcase classname="mobileprepaid.MobilePrepaidModule" name="prepaidValidInputs" time="0.005">
    <failure type="java.lang.NullPointerException">
      <![CDATA[java.lang.NullPointerException
at mobileprepaid.MobilePrepaidModule.prepaidValidInputs(MobilePrepaidModule.java:83)
at java.base/java.util.ArrayList.forEach(ArrayList.java:1507)
... Removed 27 stack frames]]>
    </failure>
  </testcase> <!-- prepaidValidInputs -->
  <testcase classname="mobileprepaid.MobilePrepaidModule" name="browserplan" time="2.013">
    <failure type="java.lang.NullPointerException">
      <![CDATA[java.lang.NullPointerException
at mobileprepaid.MobilePrepaidModule.browserplan(MobilePrepaidModule.java:108)
at java.base/java.util.ArrayList.forEach(ArrayList.java:1507)
... Removed 27 stack frames]]>
    </failure>
  </testcase> <!-- browserplan -->
  <testcase classname="mobileprepaid.MobilePrepaidModule" name="rechargenowButton" time="1.021">
    <failure type="java.lang.NullPointerException">
      <![CDATA[java.lang.NullPointerException
at mobileprepaid.MobilePrepaidModule.rechargenowButton(MobilePrepaidModule.java:132)
at java.base/java.util.ArrayList.forEach(ArrayList.java:1507)
... Removed 27 stack frames]]>
    </failure>
  </testcase> <!-- rechargenowButton -->
  <testcase classname="mobileprepaid.MobilePrepaidModule" name="PrepaidNegativeScenarios" time="2.01">
    <failure type="java.lang.NullPointerException">
      <![CDATA[java.lang.NullPointerException
at mobileprepaid.MobilePrepaidModule.PrepaidNegativeScenarios(MobilePrepaidModule.java:147)
at java.base/java.util.ArrayList.forEach(ArrayList.java:1507)
... Removed 27 stack frames]]>
    </failure>
  </testcase> <!-- PrepaidNegativeScenarios -->
  <testcase classname="mobilepostpaid.MobilePostpaidModule" name="Signin" time="2.019">
    <failure type="java.lang.NullPointerException">
      <![CDATA[java.lang.NullPointerException
at mobilepostpaid.MobilePostpaidModule.Signin(MobilePostpaidModule.java:25)
at java.base/java.util.ArrayList.forEach(ArrayList.java:1507)
... Removed 27 stack frames]]>
    </failure>
  </testcase> <!-- Signin -->
  <testcase classname="mobilepostpaid.MobilePostpaidModule" name="SignInButton" time="2.005">
    <failure type="java.lang.NullPointerException">
      <![CDATA[java.lang.NullPointerException
at mobilepostpaid.MobilePostpaidModule.SignInButton(MobilePostpaidModule.java:33)
at java.base/java.util.ArrayList.forEach(ArrayList.java:1507)
... Removed 27 stack frames]]>
    </failure>
  </testcase> <!-- SignInButton -->
  <testcase classname="mobilepostpaid.MobilePostpaidModule" name="postpaid" time="2.012">
    <failure type="java.lang.NullPointerException">
      <![CDATA[java.lang.NullPointerException
at mobilepostpaid.MobilePostpaidModule.postpaid(MobilePostpaidModule.java:63)
at java.base/java.util.ArrayList.forEach(ArrayList.java:1507)
... Removed 27 stack frames]]>
    </failure>
  </testcase> <!-- postpaid -->
  <testcase classname="mobilepostpaid.MobilePostpaidModule" name="postpaidNegativeScenarios" time="2.013">
    <failure type="java.lang.NullPointerException">
      <![CDATA[java.lang.NullPointerException
at mobilepostpaid.MobilePostpaidModule.postpaidNegativeScenarios(MobilePostpaidModule.java:112)
at java.base/java.util.ArrayList.forEach(ArrayList.java:1507)
... Removed 27 stack frames]]>
    </failure>
  </testcase> <!-- postpaidNegativeScenarios -->
  <testcase classname="billpaymentlandline.BillpaymentLandlineModule" name="Signin" time="2.016">
    <failure type="java.lang.NullPointerException">
      <![CDATA[java.lang.NullPointerException
at billpaymentlandline.BillpaymentLandlineModule.Signin(BillpaymentLandlineModule.java:24)
at java.base/java.util.ArrayList.forEach(ArrayList.java:1507)
... Removed 27 stack frames]]>
    </failure>
  </testcase> <!-- Signin -->
  <testcase classname="billpaymentlandline.BillpaymentLandlineModule" name="SignInButton" time="2.017">
    <failure type="java.lang.NullPointerException">
      <![CDATA[java.lang.NullPointerException
at billpaymentlandline.BillpaymentLandlineModule.SignInButton(BillpaymentLandlineModule.java:32)
at java.base/java.util.ArrayList.forEach(ArrayList.java:1507)
... Removed 27 stack frames]]>
    </failure>
  </testcase> <!-- SignInButton -->
  <testcase classname="billpaymentlandline.BillpaymentLandlineModule" name="billpaymentdropdown" time="1.01">
    <failure type="java.lang.NullPointerException">
      <![CDATA[java.lang.NullPointerException
at billpaymentlandline.BillpaymentLandlineModule.billpaymentdropdown(BillpaymentLandlineModule.java:61)
at java.base/java.util.ArrayList.forEach(ArrayList.java:1507)
... Removed 27 stack frames]]>
    </failure>
  </testcase> <!-- billpaymentdropdown -->
  <testcase classname="billpaymentlandline.BillpaymentLandlineModule" name="LandlineBillPayment" time="0.001">
    <failure type="java.lang.NullPointerException">
      <![CDATA[java.lang.NullPointerException
at billpaymentlandline.BillpaymentLandlineModule.LandlineBillPayment(BillpaymentLandlineModule.java:72)
at java.base/java.util.ArrayList.forEach(ArrayList.java:1507)
... Removed 27 stack frames]]>
    </failure>
  </testcase> <!-- LandlineBillPayment -->
  <testcase classname="billpaymentlandline.BillpaymentLandlineModule" name="LandlineNegativeScenarios" time="0.002">
    <failure type="java.lang.NullPointerException">
      <![CDATA[java.lang.NullPointerException
at billpaymentlandline.BillpaymentLandlineModule.LandlineNegativeScenarios(BillpaymentLandlineModule.java:106)
at java.base/java.util.ArrayList.forEach(ArrayList.java:1507)
... Removed 27 stack frames]]>
    </failure>
  </testcase> <!-- LandlineNegativeScenarios -->
  <testcase classname="testNG.BaseClass" name="@AfterTest CloseBrowser" time="0.0">
    <ignored/>
  </testcase> <!-- @AfterTest CloseBrowser -->
  <testcase classname="testNG.BaseClass" name="@AfterTest CloseBrowser" time="0.0">
    <ignored/>
  </testcase> <!-- @AfterTest CloseBrowser -->
  <testcase classname="testNG.BaseClass" name="@AfterTest CloseBrowser" time="0.0">
    <ignored/>
  </testcase> <!-- @AfterTest CloseBrowser -->
  <testcase classname="testNG.BaseClass" name="@BeforeTest LaunchBrowse" time="0.0">
    <ignored/>
  </testcase> <!-- @BeforeTest LaunchBrowse -->
  <testcase classname="testNG.BaseClass" name="@BeforeTest LaunchBrowse" time="0.0">
    <ignored/>
  </testcase> <!-- @BeforeTest LaunchBrowse -->
  <testcase classname="testNG.BaseClass" name="@BeforeTest LaunchBrowse" time="0.0">
    <ignored/>
  </testcase> <!-- @BeforeTest LaunchBrowse -->
</testsuite> <!-- Test -->
