<?xml version="1.0" encoding="UTF-8"?>
<!-- Generated by org.testng.reporters.JUnitXMLReporter -->
<testsuite ignored="0" hostname="SangeethaS" failures="4" tests="4" name="Test1" time="8.205" errors="0" timestamp="2020-12-07T10:46:48 IST">
  <testcase classname="testNG.KatkadaWebPage" name="Signin" time="2.077">
    <failure type="java.lang.NullPointerException">
      <![CDATA[java.lang.NullPointerException
at org.openqa.selenium.support.pagefactory.DefaultElementLocator.findElement(DefaultElementLocator.java:69)
at org.openqa.selenium.support.pagefactory.internal.LocatingElementHandler.invoke(LocatingElementHandler.java:38)
at com.sun.proxy.$Proxy12.click(Unknown Source)
at testNG.KatkadaWebPage.Signin(KatkadaWebPage.java:24)
at java.base/java.util.ArrayList.forEach(ArrayList.java:1507)
... Removed 27 stack frames]]>
    </failure>
  </testcase> <!-- Signin -->
  <testcase classname="testNG.KatkadaWebPage" name="SignupPopup" time="2.011">
    <failure type="java.lang.NullPointerException">
      <![CDATA[java.lang.NullPointerException
at testNG.KatkadaWebPage.SignupPopup(KatkadaWebPage.java:34)
at java.base/java.util.ArrayList.forEach(ArrayList.java:1507)
... Removed 27 stack frames]]>
    </failure>
  </testcase> <!-- SignupPopup -->
  <testcase classname="testNG.KatkadaWebPage" name="ForgetpasswordPopup" time="2.015">
    <failure type="java.lang.NullPointerException">
      <![CDATA[java.lang.NullPointerException
at testNG.KatkadaWebPage.ForgetpasswordPopup(KatkadaWebPage.java:63)
at java.base/java.util.ArrayList.forEach(ArrayList.java:1507)
... Removed 27 stack frames]]>
    </failure>
  </testcase> <!-- ForgetpasswordPopup -->
  <testcase classname="testNG.KatkadaWebPage" name="SignInButton" time="2.01">
    <failure type="java.lang.NullPointerException">
      <![CDATA[java.lang.NullPointerException
at testNG.KatkadaWebPage.SignInButton(KatkadaWebPage.java:88)
at java.base/java.util.ArrayList.forEach(ArrayList.java:1507)
... Removed 27 stack frames]]>
    </failure>
  </testcase> <!-- SignInButton -->
</testsuite> <!-- Test1 -->
