<?xml version="1.0" encoding="UTF-8"?>
<!-- Generated by org.testng.reporters.JUnitXMLReporter -->
<testsuite ignored="0" hostname="SangeethaS" failures="5" tests="5" name="Test3" time="8.133" errors="0" timestamp="2020-12-07T10:47:08 IST">
  <testcase classname="mobilepostpaid.MobilePostpaidModule" name="Signin" time="2.019">
    <failure type="java.lang.NullPointerException">
      <![CDATA[java.lang.NullPointerException
at org.openqa.selenium.support.pagefactory.DefaultElementLocator.findElement(DefaultElementLocator.java:69)
at org.openqa.selenium.support.pagefactory.internal.LocatingElementHandler.invoke(LocatingElementHandler.java:38)
at com.sun.proxy.$Proxy12.click(Unknown Source)
at mobilepostpaid.MobilePostpaidModule.Signin(MobilePostpaidModule.java:24)
at java.base/java.util.ArrayList.forEach(ArrayList.java:1507)
... Removed 27 stack frames]]>
    </failure>
  </testcase> <!-- Signin -->
  <testcase classname="mobilepostpaid.MobilePostpaidModule" name="SignInButton" time="2.019">
    <failure type="java.lang.NullPointerException">
      <![CDATA[java.lang.NullPointerException
at mobilepostpaid.MobilePostpaidModule.SignInButton(MobilePostpaidModule.java:34)
at java.base/java.util.ArrayList.forEach(ArrayList.java:1507)
... Removed 27 stack frames]]>
    </failure>
  </testcase> <!-- SignInButton -->
  <testcase classname="mobilepostpaid.MobilePostpaidModule" name="postpaid" time="2.024">
    <failure type="java.lang.NullPointerException">
      <![CDATA[java.lang.NullPointerException
at mobilepostpaid.MobilePostpaidModule.postpaid(MobilePostpaidModule.java:49)
at java.base/java.util.ArrayList.forEach(ArrayList.java:1507)
... Removed 27 stack frames]]>
    </failure>
  </testcase> <!-- postpaid -->
  <testcase classname="mobilepostpaid.MobilePostpaidModule" name="postpaidvalidInputs" time="0.006">
    <failure type="java.lang.NullPointerException">
      <![CDATA[java.lang.NullPointerException
at org.openqa.selenium.support.pagefactory.DefaultElementLocator.findElement(DefaultElementLocator.java:69)
at org.openqa.selenium.support.pagefactory.internal.LocatingElementHandler.invoke(LocatingElementHandler.java:38)
at com.sun.proxy.$Proxy12.sendKeys(Unknown Source)
at mobilepostpaid.MobilePostpaidModule.postpaidvalidInputs(MobilePostpaidModule.java:73)
at java.base/java.util.ArrayList.forEach(ArrayList.java:1507)
... Removed 27 stack frames]]>
    </failure>
  </testcase> <!-- postpaidvalidInputs -->
  <testcase classname="mobilepostpaid.MobilePostpaidModule" name="postpaidNegativeScenarios" time="2.016">
    <failure type="java.lang.NullPointerException">
      <![CDATA[java.lang.NullPointerException
at mobilepostpaid.MobilePostpaidModule.postpaidNegativeScenarios(MobilePostpaidModule.java:106)
at java.base/java.util.ArrayList.forEach(ArrayList.java:1507)
... Removed 27 stack frames]]>
    </failure>
  </testcase> <!-- postpaidNegativeScenarios -->
</testsuite> <!-- Test3 -->
