<?xml version="1.0" encoding="UTF-8"?>
<!-- Generated by org.testng.reporters.JUnitXMLReporter -->
<testsuite ignored="0" hostname="SangeethaS" failures="0" tests="5" name="Default test" time="37.594" errors="0" timestamp="2020-12-07T13:18:17 IST">
  <testcase classname="billpaymentlandline.BillpaymentLandlineModule" name="Signin" time="2.202"/>
  <testcase classname="billpaymentlandline.BillpaymentLandlineModule" name="SignInButton" time="2.417"/>
  <testcase classname="billpaymentlandline.BillpaymentLandlineModule" name="billpaymentdropdown" time="3.449"/>
  <testcase classname="billpaymentlandline.BillpaymentLandlineModule" name="LandlineBillPayment" time="4.704"/>
  <testcase classname="billpaymentlandline.BillpaymentLandlineModule" name="LandlineNegativeScenarios" time="11.526"/>
</testsuite> <!-- Default test -->
