<?xml version="1.0" encoding="UTF-8"?>
<!-- Generated by org.testng.reporters.JUnitXMLReporter -->
<testsuite ignored="0" hostname="SangeethaS" failures="0" tests="4" name="Default test" time="35.402" errors="0" timestamp="2020-12-01T13:18:33 IST">
  <testcase classname="testNG.KatkadaWebPage" name="Signin" time="2.213"/>
  <testcase classname="testNG.KatkadaWebPage" name="SignupPopup" time="2.839"/>
  <testcase classname="testNG.KatkadaWebPage" name="ForgetpasswordPopup" time="2.337"/>
  <testcase classname="testNG.KatkadaWebPage" name="SignInButton" time="2.533"/>
</testsuite> <!-- Default test -->
