<?xml version="1.0" encoding="UTF-8"?>
<!-- Generated by org.testng.reporters.JUnitXMLReporter -->
<testsuite ignored="2" hostname="SangeethaS" failures="5" tests="9" name="Test" time="18.06" errors="0" timestamp="2020-12-07T10:41:12 IST">
  <testcase classname="testNG.KatkadaWebPage" name="Signin" time="2.178"/>
  <testcase classname="testNG.KatkadaWebPage" name="SignupPopup" time="3.152"/>
  <testcase classname="testNG.KatkadaWebPage" name="ForgetpasswordPopup" time="2.677"/>
  <testcase classname="testNG.KatkadaWebPage" name="SignInButton" time="2.808"/>
  <testcase classname="mobileprepaid.MobilePrepaidModule" name="Prepaid" time="2.011">
    <failure type="java.lang.NullPointerException">
      <![CDATA[java.lang.NullPointerException
at mobileprepaid.MobilePrepaidModule.Prepaid(MobilePrepaidModule.java:52)
at java.base/java.util.ArrayList.forEach(ArrayList.java:1507)
... Removed 27 stack frames]]>
    </failure>
  </testcase> <!-- Prepaid -->
  <testcase classname="mobileprepaid.MobilePrepaidModule" name="prepaidValidInputs" time="0.02">
    <failure type="java.lang.NullPointerException">
      <![CDATA[java.lang.NullPointerException
at mobileprepaid.MobilePrepaidModule.prepaidValidInputs(MobilePrepaidModule.java:76)
at java.base/java.util.ArrayList.forEach(ArrayList.java:1507)
... Removed 27 stack frames]]>
    </failure>
  </testcase> <!-- prepaidValidInputs -->
  <testcase classname="mobileprepaid.MobilePrepaidModule" name="browserplan" time="2.005">
    <failure type="java.lang.NullPointerException">
      <![CDATA[java.lang.NullPointerException
at mobileprepaid.MobilePrepaidModule.browserplan(MobilePrepaidModule.java:101)
at java.base/java.util.ArrayList.forEach(ArrayList.java:1507)
... Removed 27 stack frames]]>
    </failure>
  </testcase> <!-- browserplan -->
  <testcase classname="mobileprepaid.MobilePrepaidModule" name="rechargenowButton" time="1.034">
    <failure type="java.lang.NullPointerException">
      <![CDATA[java.lang.NullPointerException
at mobileprepaid.MobilePrepaidModule.rechargenowButton(MobilePrepaidModule.java:129)
at java.base/java.util.ArrayList.forEach(ArrayList.java:1507)
... Removed 27 stack frames]]>
    </failure>
  </testcase> <!-- rechargenowButton -->
  <testcase classname="mobileprepaid.MobilePrepaidModule" name="PrepaidNegativeScenarios" time="2.005">
    <failure type="java.lang.NullPointerException">
      <![CDATA[java.lang.NullPointerException
at mobileprepaid.MobilePrepaidModule.PrepaidNegativeScenarios(MobilePrepaidModule.java:150)
at java.base/java.util.ArrayList.forEach(ArrayList.java:1507)
... Removed 27 stack frames]]>
    </failure>
  </testcase> <!-- PrepaidNegativeScenarios -->
  <testcase classname="testNG.BaseClass" name="@AfterSuite CloseBrowser" time="0.0">
    <ignored/>
  </testcase> <!-- @AfterSuite CloseBrowser -->
  <testcase classname="testNG.BaseClass" name="@BeforeSuite LaunchBrowse" time="0.0">
    <ignored/>
  </testcase> <!-- @BeforeSuite LaunchBrowse -->
</testsuite> <!-- Test -->
